2025-02-11T17:55:50.776+0800	[31mFATAL[0m	cmd/main.go:46	Failed to initialize database	{"error": "Error 1170 (42000): BLOB/TEXT column 'name' used in key specification without a key length"}
main.main
	/Users/v_liuyao03/go/src/campus-wall/cmd/main.go:46
runtime.main
	/usr/local/Cellar/go/1.23.4/libexec/src/runtime/proc.go:272
2025-02-11T17:58:38.377+0800	[31mFATAL[0m	cmd/main.go:45	Failed to initialize database	{"error": "Error 1170 (42000): BLOB/TEXT column 'name' used in key specification without a key length"}
main.main
	/Users/v_liuyao03/go/src/campus-wall/cmd/main.go:45
runtime.main
	/usr/local/Cellar/go/1.23.4/libexec/src/runtime/proc.go:272
2025-02-11T18:01:11.429+0800	[34mINFO[0m	cmd/main.go:186	Server starting	{"port": "8080"}
2025-02-11T18:44:39.099+0800	[34mINFO[0m	middleware/logger.go:28	HTTP Request	{"status": 404, "method": "POST", "path": "/api/api/wx/login", "query": "", "ip": "::1", "user-agent": "Mozilla/5.0 (iPhone; CPU iPhone OS 11_0 like Mac OS X) AppleWebKit/604.1.38 (KHTML, like Gecko) Version/11.0 Mobile/15A372 Safari/604.1 wechatdevtools/1.06.2409140 MicroMessenger/8.0.5 Language/zh_CN webview/", "latency": "146.375µs", "error": ""}
2025-02-11T18:45:26.039+0800	[34mINFO[0m	middleware/logger.go:28	HTTP Request	{"status": 404, "method": "POST", "path": "/api/api/wx/login", "query": "", "ip": "::1", "user-agent": "Mozilla/5.0 (iPhone; CPU iPhone OS 11_0 like Mac OS X) AppleWebKit/604.1.38 (KHTML, like Gecko) Version/11.0 Mobile/15A372 Safari/604.1 wechatdevtools/1.06.2409140 MicroMessenger/8.0.5 Language/zh_CN webview/", "latency": "5.983042ms", "error": ""}
2025-02-11T18:46:00.778+0800	[34mINFO[0m	middleware/logger.go:28	HTTP Request	{"status": 500, "method": "POST", "path": "/api/wx/login", "query": "", "ip": "::1", "user-agent": "Mozilla/5.0 (iPhone; CPU iPhone OS 11_0 like Mac OS X) AppleWebKit/604.1.38 (KHTML, like Gecko) Version/11.0 Mobile/15A372 Safari/604.1 wechatdevtools/1.06.2409140 MicroMessenger/8.0.5 Language/zh_CN webview/", "latency": "729.787083ms", "error": ""}
2025-02-11T18:50:52.701+0800	[34mINFO[0m	cmd/main.go:197	Shutting down server...
2025-02-11T18:50:52.733+0800	[34mINFO[0m	cmd/main.go:207	Server exiting
2025-02-12T14:05:52.123+0800	[34mINFO[0m	cmd/main.go:186	Server starting	{"port": "8080"}
2025-02-12T14:06:01.895+0800	[34mINFO[0m	middleware/logger.go:28	HTTP Request	{"status": 500, "method": "POST", "path": "/api/wx/login", "query": "", "ip": "::1", "user-agent": "Mozilla/5.0 (iPhone; CPU iPhone OS 11_0 like Mac OS X) AppleWebKit/604.1.38 (KHTML, like Gecko) Version/11.0 Mobile/15A372 Safari/604.1 wechatdevtools/1.06.2409140 MicroMessenger/8.0.5 Language/zh_CN webview/", "latency": "325.690542ms", "error": ""}
2025-02-12T14:12:37.366+0800	[34mINFO[0m	cmd/main.go:197	Shutting down server...
2025-02-12T14:12:37.379+0800	[34mINFO[0m	cmd/main.go:207	Server exiting
2025-02-12T14:12:41.194+0800	[34mINFO[0m	cmd/main.go:186	Server starting	{"port": "8080"}
2025-02-12T14:12:47.985+0800	[34mINFO[0m	middleware/logger.go:28	HTTP Request	{"status": 500, "method": "POST", "path": "/api/wx/login", "query": "", "ip": "::1", "user-agent": "Mozilla/5.0 (iPhone; CPU iPhone OS 11_0 like Mac OS X) AppleWebKit/604.1.38 (KHTML, like Gecko) Version/11.0 Mobile/15A372 Safari/604.1 wechatdevtools/1.06.2409140 MicroMessenger/8.0.5 Language/zh_CN webview/", "latency": "319.048417ms", "error": ""}
2025-02-12T14:15:18.109+0800	[34mINFO[0m	cmd/main.go:197	Shutting down server...
2025-02-12T14:15:18.121+0800	[34mINFO[0m	cmd/main.go:207	Server exiting
2025-02-12T14:15:21.770+0800	[34mINFO[0m	cmd/main.go:186	Server starting	{"port": "8080"}
2025-02-12T14:15:25.838+0800	[34mINFO[0m	middleware/logger.go:28	HTTP Request	{"status": 500, "method": "POST", "path": "/api/wx/login", "query": "", "ip": "::1", "user-agent": "Mozilla/5.0 (iPhone; CPU iPhone OS 11_0 like Mac OS X) AppleWebKit/604.1.38 (KHTML, like Gecko) Version/11.0 Mobile/15A372 Safari/604.1 wechatdevtools/1.06.2409140 MicroMessenger/8.0.5 Language/zh_CN webview/", "latency": "287.05375ms", "error": ""}
2025-02-12T14:29:26.828+0800	[34mINFO[0m	middleware/logger.go:28	HTTP Request	{"status": 500, "method": "POST", "path": "/api/wx/login", "query": "", "ip": "::1", "user-agent": "Mozilla/5.0 (iPhone; CPU iPhone OS 11_0 like Mac OS X) AppleWebKit/604.1.38 (KHTML, like Gecko) Version/11.0 Mobile/15A372 Safari/604.1 wechatdevtools/1.06.2409140 MicroMessenger/8.0.5 Language/zh_CN webview/", "latency": "300.390875ms", "error": ""}
2025-02-12T14:47:37.701+0800	[34mINFO[0m	cmd/main.go:197	Shutting down server...
2025-02-12T14:47:37.717+0800	[34mINFO[0m	cmd/main.go:207	Server exiting
2025-02-12T14:47:43.887+0800	[34mINFO[0m	cmd/main.go:186	Server starting	{"port": "8080"}
2025-02-12T14:47:56.326+0800	[34mINFO[0m	middleware/logger.go:28	HTTP Request	{"status": 500, "method": "POST", "path": "/api/wx/login", "query": "", "ip": "::1", "user-agent": "Mozilla/5.0 (iPhone; CPU iPhone OS 11_0 like Mac OS X) AppleWebKit/604.1.38 (KHTML, like Gecko) Version/11.0 Mobile/15A372 Safari/604.1 wechatdevtools/1.06.2409140 MicroMessenger/8.0.5 Language/zh_CN webview/", "latency": "341.496584ms", "error": ""}
2025-02-12T14:49:18.480+0800	[34mINFO[0m	cmd/main.go:197	Shutting down server...
2025-02-12T14:49:18.489+0800	[34mINFO[0m	cmd/main.go:207	Server exiting
2025-02-12T14:49:22.691+0800	[34mINFO[0m	cmd/main.go:186	Server starting	{"port": "8080"}
2025-02-12T14:49:24.489+0800	[34mINFO[0m	middleware/logger.go:28	HTTP Request	{"status": 500, "method": "POST", "path": "/api/wx/login", "query": "", "ip": "::1", "user-agent": "Mozilla/5.0 (iPhone; CPU iPhone OS 11_0 like Mac OS X) AppleWebKit/604.1.38 (KHTML, like Gecko) Version/11.0 Mobile/15A372 Safari/604.1 wechatdevtools/1.06.2409140 MicroMessenger/8.0.5 Language/zh_CN webview/", "latency": "282.484834ms", "error": ""}
2025-02-12T14:50:08.793+0800	[34mINFO[0m	cmd/main.go:197	Shutting down server...
2025-02-12T14:50:08.802+0800	[34mINFO[0m	cmd/main.go:207	Server exiting
2025-02-12T14:50:12.529+0800	[34mINFO[0m	cmd/main.go:75	Config	{"config": {"Server":{"Port":"8080","RateLimit":{"Requests":0,"Burst":200},"ReadTimeout":10000000000,"WriteTimeout":10000000000},"Database":{"Driver":"postgres","Host":"localhost","Port":3306,"Username":"root","Password":"274346988@mysql.coM","DBName":"campus_wall","SSLMode":"disable"},"JWT":{"SecretKey":"CBk37CK/uj0vQ6nOxV56iCCJbACNLaskWowa5z/ffQk=","TokenDuration":86400000000000},"Redis":{"Host":"localhost","Port":6379,"Password":"","DB":0,"PoolSize":100,"MinIdleConns":10,"MaxRetries":3,"DialTimeout":5000000000,"ReadTimeout":3000000000,"WriteTimeout":3000000000},"Logger":{"Level":"debug","Filename":"logs/app.log","MaxSize":100,"MaxBackups":3,"MaxAge":28,"Compress":true},"WeChat":{"MiniProgram":{"AppID":"","AppSecret":""}},"Storage":{"Type":"local","Local":{"Path":"","BaseURL":"http://localhost:8080/uploads"},"OSS":{"Endpoint":"oss-cn-beijing.aliyuncs.com","AccessKeyID":"your-access-key-id","AccessKeySecret":"your-access-key-secret","BucketName":"your-bucket-name"}}}}
2025-02-12T14:50:12.533+0800	[34mINFO[0m	cmd/main.go:189	Server starting	{"port": "8080"}
2025-02-12T14:51:21.758+0800	[34mINFO[0m	cmd/main.go:200	Shutting down server...
2025-02-12T14:51:21.768+0800	[34mINFO[0m	cmd/main.go:210	Server exiting
2025-02-12T14:51:25.609+0800	[34mINFO[0m	cmd/main.go:75	Config	{"config": {"Server":{"Port":"8080","RateLimit":{"Requests":0,"Burst":200},"ReadTimeout":10000000000,"WriteTimeout":10000000000},"Database":{"Driver":"postgres","Host":"localhost","Port":3306,"Username":"root","Password":"274346988@mysql.coM","DBName":"campus_wall","SSLMode":"disable"},"JWT":{"SecretKey":"CBk37CK/uj0vQ6nOxV56iCCJbACNLaskWowa5z/ffQk=","TokenDuration":86400000000000},"Redis":{"Host":"localhost","Port":6379,"Password":"","DB":0,"PoolSize":100,"MinIdleConns":10,"MaxRetries":3,"DialTimeout":5000000000,"ReadTimeout":3000000000,"WriteTimeout":3000000000},"Logger":{"Level":"debug","Filename":"logs/app.log","MaxSize":100,"MaxBackups":3,"MaxAge":28,"Compress":true},"WeChat":{"MiniProgram":{"AppID":"","AppSecret":""}},"Storage":{"Type":"local","Local":{"Path":"","BaseURL":"http://localhost:8080/uploads"},"OSS":{"Endpoint":"oss-cn-beijing.aliyuncs.com","AccessKeyID":"your-access-key-id","AccessKeySecret":"your-access-key-secret","BucketName":"your-bucket-name"}}}}
2025-02-12T14:51:25.613+0800	[34mINFO[0m	cmd/main.go:189	Server starting	{"port": "8080"}
2025-02-12T14:52:31.600+0800	[34mINFO[0m	cmd/main.go:200	Shutting down server...
2025-02-12T14:52:31.606+0800	[34mINFO[0m	cmd/main.go:210	Server exiting
2025-02-12T14:52:35.459+0800	[34mINFO[0m	cmd/main.go:75	Config	{"config": {"Server":{"Port":"8080","RateLimit":{"Requests":0,"Burst":200},"ReadTimeout":10000000000,"WriteTimeout":10000000000},"Database":{"Driver":"postgres","Host":"localhost","Port":3306,"Username":"root","Password":"274346988@mysql.coM","DBName":"campus_wall","SSLMode":"disable"},"JWT":{"SecretKey":"CBk37CK/uj0vQ6nOxV56iCCJbACNLaskWowa5z/ffQk=","TokenDuration":86400000000000},"Redis":{"Host":"localhost","Port":6379,"Password":"","DB":0,"PoolSize":100,"MinIdleConns":10,"MaxRetries":3,"DialTimeout":5000000000,"ReadTimeout":3000000000,"WriteTimeout":3000000000},"Logger":{"Level":"debug","Filename":"logs/app.log","MaxSize":100,"MaxBackups":3,"MaxAge":28,"Compress":true},"WeChat":{"MiniProgram":{"AppID":"wxbec01cd32419625b","AppSecret":"3d2aaa51b7befff63ffaea64da2a5c49"}},"Storage":{"Type":"local","Local":{"Path":"","BaseURL":"http://localhost:8080/uploads"},"OSS":{"Endpoint":"oss-cn-beijing.aliyuncs.com","AccessKeyID":"your-access-key-id","AccessKeySecret":"your-access-key-secret","BucketName":"your-bucket-name"}}}}
2025-02-12T14:52:35.462+0800	[34mINFO[0m	cmd/main.go:189	Server starting	{"port": "8080"}
2025-02-12T14:52:58.509+0800	[34mINFO[0m	middleware/logger.go:28	HTTP Request	{"status": 200, "method": "POST", "path": "/api/wx/login", "query": "", "ip": "::1", "user-agent": "Mozilla/5.0 (iPhone; CPU iPhone OS 11_0 like Mac OS X) AppleWebKit/604.1.38 (KHTML, like Gecko) Version/11.0 Mobile/15A372 Safari/604.1 wechatdevtools/1.06.2409140 MicroMessenger/8.0.5 Language/zh_CN webview/", "latency": "554.79575ms", "error": ""}
2025-02-12T15:15:02.461+0800	[34mINFO[0m	middleware/logger.go:28	HTTP Request	{"status": 500, "method": "POST", "path": "/api/wx/login", "query": "", "ip": "::1", "user-agent": "Mozilla/5.0 (iPhone; CPU iPhone OS 11_0 like Mac OS X) AppleWebKit/604.1.38 (KHTML, like Gecko) Version/11.0 Mobile/15A372 Safari/604.1 wechatdevtools/1.06.2409140 MicroMessenger/8.0.5 Language/zh_CN webview/", "latency": "471.9925ms", "error": ""}
2025-02-12T15:47:41.790+0800	[34mINFO[0m	cmd/main.go:200	Shutting down server...
2025-02-12T15:47:41.806+0800	[34mINFO[0m	cmd/main.go:210	Server exiting
2025-02-12T15:47:45.595+0800	[34mINFO[0m	cmd/main.go:75	Config	{"config": {"Server":{"Port":"8080","RateLimit":{"Requests":0,"Burst":200},"ReadTimeout":10000000000,"WriteTimeout":10000000000},"Database":{"Driver":"postgres","Host":"localhost","Port":3306,"Username":"root","Password":"274346988@mysql.coM","DBName":"campus_wall","SSLMode":"disable","ParseTime":false},"JWT":{"SecretKey":"CBk37CK/uj0vQ6nOxV56iCCJbACNLaskWowa5z/ffQk=","TokenDuration":86400000000000},"Redis":{"Host":"localhost","Port":6379,"Password":"","DB":0,"PoolSize":100,"MinIdleConns":10,"MaxRetries":3,"DialTimeout":5000000000,"ReadTimeout":3000000000,"WriteTimeout":3000000000},"Logger":{"Level":"debug","Filename":"logs/app.log","MaxSize":100,"MaxBackups":3,"MaxAge":28,"Compress":true},"WeChat":{"MiniProgram":{"AppID":"wxbec01cd32419625b","AppSecret":"3d2aaa51b7befff63ffaea64da2a5c49"}},"Storage":{"Type":"local","Local":{"Path":"","BaseURL":"http://localhost:8080/uploads"},"OSS":{"Endpoint":"oss-cn-beijing.aliyuncs.com","AccessKeyID":"your-access-key-id","AccessKeySecret":"your-access-key-secret","BucketName":"your-bucket-name"}}}}
2025-02-12T15:47:45.598+0800	[34mINFO[0m	cmd/main.go:189	Server starting	{"port": "8080"}
2025-02-12T15:47:51.609+0800	[34mINFO[0m	middleware/logger.go:28	HTTP Request	{"status": 500, "method": "POST", "path": "/api/wx/login", "query": "", "ip": "::1", "user-agent": "Mozilla/5.0 (iPhone; CPU iPhone OS 11_0 like Mac OS X) AppleWebKit/604.1.38 (KHTML, like Gecko) Version/11.0 Mobile/15A372 Safari/604.1 wechatdevtools/1.06.2409140 MicroMessenger/8.0.5 Language/zh_CN webview/", "latency": "428.256958ms", "error": ""}
2025-02-12T15:50:37.076+0800	[34mINFO[0m	cmd/main.go:200	Shutting down server...
2025-02-12T15:50:37.085+0800	[34mINFO[0m	cmd/main.go:210	Server exiting
2025-02-12T15:50:40.699+0800	[34mINFO[0m	cmd/main.go:75	Config	{"config": {"Server":{"Port":"8080","RateLimit":{"Requests":0,"Burst":200},"ReadTimeout":10000000000,"WriteTimeout":10000000000},"Database":{"Driver":"postgres","Host":"localhost","Port":3306,"Username":"root","Password":"274346988@mysql.coM","DBName":"campus_wall","SSLMode":"disable","ParseTime":true},"JWT":{"SecretKey":"CBk37CK/uj0vQ6nOxV56iCCJbACNLaskWowa5z/ffQk=","TokenDuration":86400000000000},"Redis":{"Host":"localhost","Port":6379,"Password":"","DB":0,"PoolSize":100,"MinIdleConns":10,"MaxRetries":3,"DialTimeout":5000000000,"ReadTimeout":3000000000,"WriteTimeout":3000000000},"Logger":{"Level":"debug","Filename":"logs/app.log","MaxSize":100,"MaxBackups":3,"MaxAge":28,"Compress":true},"WeChat":{"MiniProgram":{"AppID":"wxbec01cd32419625b","AppSecret":"3d2aaa51b7befff63ffaea64da2a5c49"}},"Storage":{"Type":"local","Local":{"Path":"","BaseURL":"http://localhost:8080/uploads"},"OSS":{"Endpoint":"oss-cn-beijing.aliyuncs.com","AccessKeyID":"your-access-key-id","AccessKeySecret":"your-access-key-secret","BucketName":"your-bucket-name"}}}}
2025-02-12T15:50:40.704+0800	[34mINFO[0m	cmd/main.go:189	Server starting	{"port": "8080"}
2025-02-12T15:52:32.243+0800	[34mINFO[0m	middleware/logger.go:28	HTTP Request	{"status": 200, "method": "POST", "path": "/api/wx/login", "query": "", "ip": "::1", "user-agent": "Mozilla/5.0 (iPhone; CPU iPhone OS 11_0 like Mac OS X) AppleWebKit/604.1.38 (KHTML, like Gecko) Version/11.0 Mobile/15A372 Safari/604.1 wechatdevtools/1.06.2409140 MicroMessenger/8.0.5 Language/zh_CN webview/", "latency": "618.660042ms", "error": ""}
2025-02-12T15:59:49.625+0800	[34mINFO[0m	middleware/logger.go:28	HTTP Request	{"status": 200, "method": "POST", "path": "/api/wx/login", "query": "", "ip": "172.25.190.214", "user-agent": "Mozilla/5.0 (Linux; Android 14; 23013RK75C Build/UKQ1.230804.001; wv) AppleWebKit/537.36 (KHTML, like Gecko) Version/4.0 Chrome/130.0.6723.103 Mobile Safari/537.36 XWEB/1300333 MMWEBSDK/20241202 MMWEBID/6878 MicroMessenger/8.0.56.2800(0x28003856) WeChat/arm64 Weixin NetType/WIFI Language/zh_CN ABI/arm64 MiniProgramEnv/android", "latency": "497.705792ms", "error": ""}
2025-02-17T14:30:34.654+0800	[34mINFO[0m	cmd/main.go:200	Shutting down server...
2025-02-17T14:30:34.676+0800	[34mINFO[0m	cmd/main.go:210	Server exiting
